<?xml version="1.0" encoding="UTF-8"?>
<!-- Generated by org.testng.reporters.JUnitReportReporter -->
<testsuite skipped="0" hostname="LAPTOP-4TCBEO4U" name="com.MyFirstProject.AppTest" tests="1" failures="0" timestamp="04 Dec 2018 03:45:49 GMT" time="13.241" errors="0">
  <testcase name="Validating" time="13.241" classname="com.MyFirstProject.AppTest"/>
</testsuite> <!-- com.MyFirstProject.AppTest -->
